<?xml version="1.0" encoding="UTF-8"?>
<!-- Generated by org.testng.reporters.JUnitXMLReporter -->
<testsuite ignored="1" hostname="IDEPAD_330" failures="1" tests="2" name="Test" time="19.227" errors="0" timestamp="2025-11-02T14:56:59 IST">
  <testcase classname="testCases.TC001_AccountRegistrationTest" name="verify_account_registration" time="1.604"/>
  <testcase classname="testCases.TC002_LoginTest" name="verify_Login" time="10.849">
    <failure type="java.lang.AssertionError" message="Login failed.. expected [true] but found [false]">
      <![CDATA[java.lang.AssertionError: Login failed.. expected [true] but found [false]
at testCases.TC002_LoginTest.verify_Login(TC002_LoginTest.java:33)
at java.base/java.util.ArrayList.forEach(ArrayList.java:1596)
... Removed 31 stack frames]]>
    </failure>
  </testcase> <!-- verify_Login -->
  <testcase classname="testCases.TC003_LoginDDT" name="verify_LoginDDT" time="0.0">
    <ignored/>
  </testcase> <!-- verify_LoginDDT -->
</testsuite> <!-- Test -->
